[0.011s] Invoking command in '/home/fyier/ros2_ws/build/examples_rclcpp_async_client': CMAKE_PREFIX_PATH=/opt/ros/humble /usr/bin/cmake /home/fyier/ros2_ws/src/examples/rclcpp/services/async_client -DAMENT_CMAKE_SYMLINK_INSTALL=1 -DCMAKE_INSTALL_PREFIX=/home/fyier/ros2_ws/install/examples_rclcpp_async_client
[0.040s] -- Found ament_cmake: 1.3.10 (/opt/ros/humble/share/ament_cmake/cmake)
[0.133s] -- Override CMake install command with custom implementation using symlinks instead of copying resources
[0.143s] [31mCMake Error at CMakeLists.txt:14 (find_package):
[0.143s]   By not providing "Findexample_interfaces.cmake" in CMAKE_MODULE_PATH this
[0.143s]   project has asked CMake to find a package configuration file provided by
[0.143s]   "example_interfaces", but CMake did not find one.
[0.143s] 
[0.143s]   Could not find a package configuration file provided by
[0.143s]   "example_interfaces" with any of the following names:
[0.143s] 
[0.143s]     example_interfacesConfig.cmake
[0.143s]     example_interfaces-config.cmake
[0.143s] 
[0.143s]   Add the installation prefix of "example_interfaces" to CMAKE_PREFIX_PATH or
[0.144s]   set "example_interfaces_DIR" to a directory containing one of the above
[0.144s]   files.  If "example_interfaces" provides a separate development package or
[0.144s]   SDK, be sure it has been installed.
[0.144s] 
[0.144s] [0m
[0.144s] -- Configuring incomplete, errors occurred!
[0.144s] See also "/home/fyier/ros2_ws/build/examples_rclcpp_async_client/CMakeFiles/CMakeOutput.log".
[0.149s] Invoked command in '/home/fyier/ros2_ws/build/examples_rclcpp_async_client' returned '1': CMAKE_PREFIX_PATH=/opt/ros/humble /usr/bin/cmake /home/fyier/ros2_ws/src/examples/rclcpp/services/async_client -DAMENT_CMAKE_SYMLINK_INSTALL=1 -DCMAKE_INSTALL_PREFIX=/home/fyier/ros2_ws/install/examples_rclcpp_async_client
