[0.038s] Invoking command in '/home/fyier/ros2_ws/build/examples_rclcpp_minimal_action_server': CMAKE_PREFIX_PATH=/opt/ros/humble /usr/bin/cmake /home/fyier/ros2_ws/src/examples/rclcpp/actions/minimal_action_server -DAMENT_CMAKE_SYMLINK_INSTALL=1 -DCMAKE_INSTALL_PREFIX=/home/fyier/ros2_ws/install/examples_rclcpp_minimal_action_server
[0.048s] -- Found ament_cmake: 1.3.10 (/opt/ros/humble/share/ament_cmake/cmake)
[0.171s] -- Override CMake install command with custom implementation using symlinks instead of copying resources
[0.181s] [31mCMake Error at CMakeLists.txt:14 (find_package):
[0.181s]   By not providing "Findexample_interfaces.cmake" in CMAKE_MODULE_PATH this
[0.181s]   project has asked CMake to find a package configuration file provided by
[0.181s]   "example_interfaces", but CMake did not find one.
[0.181s] 
[0.181s]   Could not find a package configuration file provided by
[0.181s]   "example_interfaces" with any of the following names:
[0.181s] 
[0.181s]     example_interfacesConfig.cmake
[0.181s]     example_interfaces-config.cmake
[0.181s] 
[0.181s]   Add the installation prefix of "example_interfaces" to CMAKE_PREFIX_PATH or
[0.181s]   set "example_interfaces_DIR" to a directory containing one of the above
[0.181s]   files.  If "example_interfaces" provides a separate development package or
[0.181s]   SDK, be sure it has been installed.
[0.181s] 
[0.182s] [0m
[0.182s] -- Configuring incomplete, errors occurred!
[0.182s] See also "/home/fyier/ros2_ws/build/examples_rclcpp_minimal_action_server/CMakeFiles/CMakeOutput.log".
