[0.009s] Invoking command in '/home/fyier/ros2_ws/build/examples_rclcpp_minimal_action_client': CMAKE_PREFIX_PATH=/opt/ros/humble /usr/bin/cmake /home/fyier/ros2_ws/src/examples/rclcpp/actions/minimal_action_client -DAMENT_CMAKE_SYMLINK_INSTALL=1 -DCMAKE_INSTALL_PREFIX=/home/fyier/ros2_ws/install/examples_rclcpp_minimal_action_client
[0.167s] -- The C compiler identification is GNU 11.4.0
[0.262s] -- The CXX compiler identification is GNU 11.4.0
[0.272s] -- Detecting C compiler ABI info
[0.325s] -- Detecting C compiler ABI info - done
[0.329s] -- Check for working C compiler: /usr/bin/cc - skipped
[0.329s] -- Detecting C compile features
[0.329s] -- Detecting C compile features - done
[0.331s] -- Detecting CXX compiler ABI info
[0.386s] -- Detecting CXX compiler ABI info - done
[0.390s] -- Check for working CXX compiler: /usr/bin/c++ - skipped
[0.391s] -- Detecting CXX compile features
[0.391s] -- Detecting CXX compile features - done
[0.392s] -- Found ament_cmake: 1.3.10 (/opt/ros/humble/share/ament_cmake/cmake)
[0.466s] -- Found Python3: /usr/bin/python3 (found version "3.10.12") found components: Interpreter 
[0.497s] -- Override CMake install command with custom implementation using symlinks instead of copying resources
[0.517s] [31mCMake Error at CMakeLists.txt:14 (find_package):
[0.517s]   By not providing "Findexample_interfaces.cmake" in CMAKE_MODULE_PATH this
[0.517s]   project has asked CMake to find a package configuration file provided by
[0.517s]   "example_interfaces", but CMake did not find one.
[0.517s] 
[0.517s]   Could not find a package configuration file provided by
[0.517s]   "example_interfaces" with any of the following names:
[0.517s] 
[0.517s]     example_interfacesConfig.cmake
[0.517s]     example_interfaces-config.cmake
[0.517s] 
[0.517s]   Add the installation prefix of "example_interfaces" to CMAKE_PREFIX_PATH or
[0.518s]   set "example_interfaces_DIR" to a directory containing one of the above
[0.518s]   files.  If "example_interfaces" provides a separate development package or
[0.518s]   SDK, be sure it has been installed.
[0.518s] 
[0.518s] [0m
[0.519s] -- Configuring incomplete, errors occurred!
[0.519s] See also "/home/fyier/ros2_ws/build/examples_rclcpp_minimal_action_client/CMakeFiles/CMakeOutput.log".
[0.522s] Invoked command in '/home/fyier/ros2_ws/build/examples_rclcpp_minimal_action_client' returned '1': CMAKE_PREFIX_PATH=/opt/ros/humble /usr/bin/cmake /home/fyier/ros2_ws/src/examples/rclcpp/actions/minimal_action_client -DAMENT_CMAKE_SYMLINK_INSTALL=1 -DCMAKE_INSTALL_PREFIX=/home/fyier/ros2_ws/install/examples_rclcpp_minimal_action_client
