[0.010s] Invoking command in '/home/fyier/ros2_ws/build/examples_rclcpp_async_client': CMAKE_PREFIX_PATH=/opt/ros/humble /usr/bin/cmake /home/fyier/ros2_ws/src/examples/rclcpp/services/async_client -DAMENT_CMAKE_SYMLINK_INSTALL=1 -DCMAKE_INSTALL_PREFIX=/home/fyier/ros2_ws/install/examples_rclcpp_async_client
[0.172s] -- The C compiler identification is GNU 11.4.0
[0.267s] -- The CXX compiler identification is GNU 11.4.0
[0.277s] -- Detecting C compiler ABI info
[0.328s] -- Detecting C compiler ABI info - done
[0.332s] -- Check for working C compiler: /usr/bin/cc - skipped
[0.332s] -- Detecting C compile features
[0.333s] -- Detecting C compile features - done
[0.334s] -- Detecting CXX compiler ABI info
[0.380s] -- Detecting CXX compiler ABI info - done
[0.386s] -- Check for working CXX compiler: /usr/bin/c++ - skipped
[0.386s] -- Detecting CXX compile features
[0.386s] -- Detecting CXX compile features - done
[0.388s] -- Found ament_cmake: 1.3.10 (/opt/ros/humble/share/ament_cmake/cmake)
[0.467s] -- Found Python3: /usr/bin/python3 (found version "3.10.12") found components: Interpreter 
[0.501s] -- Override CMake install command with custom implementation using symlinks instead of copying resources
[0.524s] [31mCMake Error at CMakeLists.txt:14 (find_package):
[0.524s]   By not providing "Findexample_interfaces.cmake" in CMAKE_MODULE_PATH this
[0.524s]   project has asked CMake to find a package configuration file provided by
[0.524s]   "example_interfaces", but CMake did not find one.
[0.524s] 
[0.524s]   Could not find a package configuration file provided by
[0.524s]   "example_interfaces" with any of the following names:
[0.524s] 
[0.524s]     example_interfacesConfig.cmake
[0.524s]     example_interfaces-config.cmake
[0.524s] 
[0.524s]   Add the installation prefix of "example_interfaces" to CMAKE_PREFIX_PATH or
[0.524s]   set "example_interfaces_DIR" to a directory containing one of the above
[0.524s]   files.  If "example_interfaces" provides a separate development package or
[0.524s]   SDK, be sure it has been installed.
[0.524s] 
[0.524s] [0m
[0.524s] -- Configuring incomplete, errors occurred!
[0.524s] See also "/home/fyier/ros2_ws/build/examples_rclcpp_async_client/CMakeFiles/CMakeOutput.log".
[0.526s] Invoked command in '/home/fyier/ros2_ws/build/examples_rclcpp_async_client' returned '1': CMAKE_PREFIX_PATH=/opt/ros/humble /usr/bin/cmake /home/fyier/ros2_ws/src/examples/rclcpp/services/async_client -DAMENT_CMAKE_SYMLINK_INSTALL=1 -DCMAKE_INSTALL_PREFIX=/home/fyier/ros2_ws/install/examples_rclcpp_async_client
