[0.010s] Invoking command in '/home/fyier/ros2_ws/build/examples_rclcpp_cbg_executor': CMAKE_PREFIX_PATH=/opt/ros/humble /usr/bin/cmake --build /home/fyier/ros2_ws/build/examples_rclcpp_cbg_executor -- -j4 -l4
[0.069s] [ 10%] [32mBuilding CXX object CMakeFiles/ping.dir/src/examples_rclcpp_cbg_executor/ping_node.cpp.o[0m
[0.077s] [ 20%] [32mBuilding CXX object CMakeFiles/ping.dir/src/ping.cpp.o[0m
[0.080s] [ 30%] [32mBuilding CXX object CMakeFiles/pong.dir/src/pong.cpp.o[0m
[0.125s] [ 40%] [32mBuilding CXX object CMakeFiles/ping_pong.dir/src/ping_pong.cpp.o[0m
[4.103s] [ 60%] [32mBuilding CXX object CMakeFiles/ping_pong.dir/src/examples_rclcpp_cbg_executor/ping_node.cpp.o[0m
[4.103s] [ 60%] [32mBuilding CXX object CMakeFiles/pong.dir/src/examples_rclcpp_cbg_executor/pong_node.cpp.o[0m
[4.173s] [ 70%] [32mBuilding CXX object CMakeFiles/ping_pong.dir/src/examples_rclcpp_cbg_executor/pong_node.cpp.o[0m
[4.251s] gmake[2]: *** [CMakeFiles/ping_pong.dir/build.make:104: CMakeFiles/ping_pong.dir/src/examples_rclcpp_cbg_executor/pong_node.cpp.o] Interrupt
[4.251s] gmake[2]: *** wait: No child processes.  Stop.
[4.251s] gmake[2]: *** Waiting for unfinished jobs....
[4.252s] gmake[2]: *** wait: No child processes.  Stop.
[4.252s] gmake[2]: *** wait: No child processes.  Stop.
[4.252s] gmake[2]: *** Waiting for unfinished jobs....
[4.252s] gmake[2]: *** wait: No child processes.  Stop.
[4.252s] gmake[2]: *** wait: No child processes.  Stop.
[4.252s] gmake[2]: *** Waiting for unfinished jobs....
[4.252s] gmake[2]: *** wait: No child processes.  Stop.
[4.252s] gmake[1]: *** [CMakeFiles/Makefile2:167: CMakeFiles/pong.dir/all] Error 2
[4.252s] gmake[1]: *** [CMakeFiles/Makefile2:141: CMakeFiles/ping.dir/all] Error 2
[4.252s] gmake[1]: *** [CMakeFiles/Makefile2:193: CMakeFiles/ping_pong.dir/all] Error 2
[4.252s] gmake: *** [Makefile:146: all] Interrupt
